<?xml version="1.0" encoding="UTF-8"?>
<testng-results skipped="0" failed="1" ignored="0" total="2" passed="1">
  <reporter-output>
  </reporter-output>
  <suite name="Command line suite" duration-ms="48108" started-at="2018-06-14T07:10:41Z" finished-at="2018-06-14T07:11:29Z">
    <groups>
    </groups>
    <test name="Command line test" duration-ms="48108" started-at="2018-06-14T07:10:41Z" finished-at="2018-06-14T07:11:29Z">
      <class name="com.ecom.amazon.login.HomepageTest">
        <test-method status="PASS" signature="preset()[pri:0, instance:com.ecom.amazon.login.HomepageTest@67b6d4ae]" name="preset" is-config="true" duration-ms="18996" started-at="2018-06-14T12:40:41Z" finished-at="2018-06-14T12:41:00Z">
          <reporter-output>
          </reporter-output>
        </test-method> <!-- preset -->
        <test-method status="PASS" signature="TestHomepage(java.lang.String, java.lang.String, java.lang.String, java.lang.String, java.lang.String, java.lang.String, java.lang.String, java.lang.String, java.lang.String)[pri:0, instance:com.ecom.amazon.login.HomepageTest@67b6d4ae]" name="TestHomepage" duration-ms="453" started-at="2018-06-14T12:41:01Z" data-provider="getData" finished-at="2018-06-14T12:41:01Z">
          <params>
            <param index="0">
              <value>
                <![CDATA[HP_001]]>
              </value>
            </param>
            <param index="1">
              <value>
                <![CDATA[HomePage]]>
              </value>
            </param>
            <param index="2">
              <value>
                <![CDATA[To validate HomePage UI elements]]>
              </value>
            </param>
            <param index="3">
              <value>
                <![CDATA[Application should be loggedin]]>
              </value>
            </param>
            <param index="4">
              <value>
                <![CDATA[1. Verify Logo
2. Verify order history button
3. verify My Wishlist button]]>
              </value>
            </param>
            <param index="5">
              <value>
                <![CDATA[Order history and details#My wishlists]]>
              </value>
            </param>
            <param index="6">
              <value>
                <![CDATA[]]>
              </value>
            </param>
            <param index="7">
              <value>
                <![CDATA[All UI elements should be proper]]>
              </value>
            </param>
            <param index="8">
              <value>
                <![CDATA[Yes]]>
              </value>
            </param>
          </params>
          <reporter-output>
          </reporter-output>
        </test-method> <!-- TestHomepage -->
        <test-method status="PASS" signature="posttest()[pri:0, instance:com.ecom.amazon.login.HomepageTest@67b6d4ae]" name="posttest" is-config="true" duration-ms="705" started-at="2018-06-14T12:41:01Z" finished-at="2018-06-14T12:41:02Z">
          <reporter-output>
          </reporter-output>
        </test-method> <!-- posttest -->
      </class> <!-- com.ecom.amazon.login.HomepageTest -->
      <class name="com.ecom.amazon.login.LoginTest">
        <test-method status="PASS" signature="preset()[pri:0, instance:com.ecom.amazon.login.LoginTest@34b7bfc0]" name="preset" is-config="true" duration-ms="10982" started-at="2018-06-14T12:41:02Z" finished-at="2018-06-14T12:41:13Z">
          <reporter-output>
          </reporter-output>
        </test-method> <!-- preset -->
        <test-method status="FAIL" signature="testlogin(java.lang.String, java.lang.String, java.lang.String, java.lang.String, java.lang.String, java.lang.String, java.lang.String, java.lang.String, java.lang.String)[pri:0, instance:com.ecom.amazon.login.LoginTest@34b7bfc0]" name="testlogin" duration-ms="16109" started-at="2018-06-14T12:41:13Z" data-provider="getData" finished-at="2018-06-14T12:41:29Z">
          <params>
            <param index="0">
              <value>
                <![CDATA[LG_001]]>
              </value>
            </param>
            <param index="1">
              <value>
                <![CDATA[Login]]>
              </value>
            </param>
            <param index="2">
              <value>
                <![CDATA[To validate Login Page]]>
              </value>
            </param>
            <param index="3">
              <value>
                <![CDATA[Application should show login page]]>
              </value>
            </param>
            <param index="4">
              <value>
                <![CDATA[1. Click Sign in link
2. Enter Usename
3. Enter Password
4. Click Signin btn]]>
              </value>
            </param>
            <param index="5">
              <value>
                <![CDATA[vasiinso@gmail.com#Admin@123]]>
              </value>
            </param>
            <param index="6">
              <value>
                <![CDATA[]]>
              </value>
            </param>
            <param index="7">
              <value>
                <![CDATA[vasanth s]]>
              </value>
            </param>
            <param index="8">
              <value>
                <![CDATA[Yes]]>
              </value>
            </param>
          </params>
          <exception class="java.lang.AssertionError">
            <message>
              <![CDATA[expected [vasanth shanmugam] but found [vasanth s]]]>
            </message>
            <full-stacktrace>
              <![CDATA[java.lang.AssertionError: expected [vasanth shanmugam] but found [vasanth s]
	at org.testng.Assert.fail(Assert.java:94)
	at org.testng.Assert.failNotEquals(Assert.java:513)
	at org.testng.Assert.assertEqualsImpl(Assert.java:135)
	at org.testng.Assert.assertEquals(Assert.java:116)
	at org.testng.Assert.assertEquals(Assert.java:190)
	at org.testng.Assert.assertEquals(Assert.java:200)
	at com.ecom.amazon.login.LoginTest.testlogin(LoginTest.java:51)
	at sun.reflect.NativeMethodAccessorImpl.invoke0(Native Method)
	at sun.reflect.NativeMethodAccessorImpl.invoke(NativeMethodAccessorImpl.java:62)
	at sun.reflect.DelegatingMethodAccessorImpl.invoke(DelegatingMethodAccessorImpl.java:43)
	at java.lang.reflect.Method.invoke(Method.java:498)
	at org.testng.internal.MethodInvocationHelper.invokeMethod(MethodInvocationHelper.java:104)
	at org.testng.internal.Invoker.invokeMethod(Invoker.java:645)
	at org.testng.internal.Invoker.invokeTestMethod(Invoker.java:851)
	at org.testng.internal.Invoker.invokeTestMethods(Invoker.java:1177)
	at org.testng.internal.TestMethodWorker.invokeTestMethods(TestMethodWorker.java:129)
	at org.testng.internal.TestMethodWorker.run(TestMethodWorker.java:112)
	at org.testng.TestRunner.privateRun(TestRunner.java:756)
	at org.testng.TestRunner.run(TestRunner.java:610)
	at org.testng.SuiteRunner.runTest(SuiteRunner.java:387)
	at org.testng.SuiteRunner.runSequentially(SuiteRunner.java:382)
	at org.testng.SuiteRunner.privateRun(SuiteRunner.java:340)
	at org.testng.SuiteRunner.run(SuiteRunner.java:289)
	at org.testng.SuiteRunnerWorker.runSuite(SuiteRunnerWorker.java:52)
	at org.testng.SuiteRunnerWorker.run(SuiteRunnerWorker.java:86)
	at org.testng.TestNG.runSuitesSequentially(TestNG.java:1293)
	at org.testng.TestNG.runSuitesLocally(TestNG.java:1218)
	at org.testng.TestNG.runSuites(TestNG.java:1133)
	at org.testng.TestNG.run(TestNG.java:1104)
	at org.apache.maven.surefire.testng.TestNGExecutor.run(TestNGExecutor.java:77)
	at org.apache.maven.surefire.testng.TestNGDirectoryTestSuite.executeMulti(TestNGDirectoryTestSuite.java:159)
	at org.apache.maven.surefire.testng.TestNGDirectoryTestSuite.execute(TestNGDirectoryTestSuite.java:99)
	at org.apache.maven.surefire.testng.TestNGProvider.invoke(TestNGProvider.java:106)
	at sun.reflect.NativeMethodAccessorImpl.invoke0(Native Method)
	at sun.reflect.NativeMethodAccessorImpl.invoke(NativeMethodAccessorImpl.java:62)
	at sun.reflect.DelegatingMethodAccessorImpl.invoke(DelegatingMethodAccessorImpl.java:43)
	at java.lang.reflect.Method.invoke(Method.java:498)
	at org.apache.maven.surefire.util.ReflectionUtils.invokeMethodWithArray(ReflectionUtils.java:189)
	at org.apache.maven.surefire.booter.ProviderFactory$ProviderProxy.invoke(ProviderFactory.java:165)
	at org.apache.maven.surefire.booter.ProviderFactory.invokeProvider(ProviderFactory.java:85)
	at org.apache.maven.surefire.booter.ForkedBooter.runSuitesInProcess(ForkedBooter.java:115)
	at org.apache.maven.surefire.booter.ForkedBooter.main(ForkedBooter.java:75)
]]>
            </full-stacktrace>
          </exception> <!-- java.lang.AssertionError -->
          <reporter-output>
          </reporter-output>
        </test-method> <!-- testlogin -->
        <test-method status="PASS" signature="posttest()[pri:0, instance:com.ecom.amazon.login.LoginTest@34b7bfc0]" name="posttest" is-config="true" duration-ms="573" started-at="2018-06-14T12:41:29Z" finished-at="2018-06-14T12:41:29Z">
          <reporter-output>
          </reporter-output>
        </test-method> <!-- posttest -->
      </class> <!-- com.ecom.amazon.login.LoginTest -->
    </test> <!-- Command line test -->
  </suite> <!-- Command line suite -->
</testng-results>
