<?xml version="1.0" encoding="UTF-8"?>
<testng-results skipped="0" failed="1" ignored="0" total="2" passed="1">
  <reporter-output>
  </reporter-output>
  <suite name="Default suite" duration-ms="30806" started-at="2018-06-09T07:24:13Z" finished-at="2018-06-09T07:24:44Z">
    <groups>
    </groups>
    <test name="Default test" duration-ms="30806" started-at="2018-06-09T07:24:13Z" finished-at="2018-06-09T07:24:44Z">
      <class name="com.ecom.amazon.login.HomepageTest">
        <test-method status="PASS" signature="preset()[pri:0, instance:com.ecom.amazon.login.HomepageTest@14bf9759]" name="preset" is-config="true" duration-ms="14361" started-at="2018-06-09T12:54:13Z" finished-at="2018-06-09T12:54:28Z">
          <reporter-output>
          </reporter-output>
        </test-method> <!-- preset -->
        <test-method status="PASS" signature="TestHomepage(java.lang.String, java.lang.String, java.lang.String, java.lang.String, java.lang.String, java.lang.String, java.lang.String, java.lang.String, java.lang.String)[pri:0, instance:com.ecom.amazon.login.HomepageTest@14bf9759]" name="TestHomepage" duration-ms="497" started-at="2018-06-09T12:54:28Z" data-provider="getData" finished-at="2018-06-09T12:54:28Z">
          <params>
            <param index="0">
              <value>
                <![CDATA[HP_001]]>
              </value>
            </param>
            <param index="1">
              <value>
                <![CDATA[HomePage]]>
              </value>
            </param>
            <param index="2">
              <value>
                <![CDATA[To validate HomePage UI elements]]>
              </value>
            </param>
            <param index="3">
              <value>
                <![CDATA[Application should be loggedin]]>
              </value>
            </param>
            <param index="4">
              <value>
                <![CDATA[1. Verify Logo
2. Verify order history button
3. verify My Wishlist button]]>
              </value>
            </param>
            <param index="5">
              <value>
                <![CDATA[Order history and details#My wishlists]]>
              </value>
            </param>
            <param index="6">
              <value>
                <![CDATA[]]>
              </value>
            </param>
            <param index="7">
              <value>
                <![CDATA[All UI elements should be proper]]>
              </value>
            </param>
            <param index="8">
              <value>
                <![CDATA[Yes]]>
              </value>
            </param>
          </params>
          <reporter-output>
          </reporter-output>
        </test-method> <!-- TestHomepage -->
        <test-method status="PASS" signature="posttest()[pri:0, instance:com.ecom.amazon.login.HomepageTest@14bf9759]" name="posttest" is-config="true" duration-ms="584" started-at="2018-06-09T12:54:28Z" finished-at="2018-06-09T12:54:29Z">
          <reporter-output>
          </reporter-output>
        </test-method> <!-- posttest -->
      </class> <!-- com.ecom.amazon.login.HomepageTest -->
      <class name="com.ecom.amazon.login.LoginTest">
        <test-method status="PASS" signature="preset()[pri:0, instance:com.ecom.amazon.login.LoginTest@5f341870]" name="preset" is-config="true" duration-ms="9962" started-at="2018-06-09T12:54:29Z" finished-at="2018-06-09T12:54:39Z">
          <reporter-output>
          </reporter-output>
        </test-method> <!-- preset -->
        <test-method status="FAIL" signature="testlogin(java.lang.String, java.lang.String, java.lang.String, java.lang.String, java.lang.String, java.lang.String, java.lang.String, java.lang.String, java.lang.String)[pri:0, instance:com.ecom.amazon.login.LoginTest@5f341870]" name="testlogin" duration-ms="4523" started-at="2018-06-09T12:54:39Z" data-provider="getData" finished-at="2018-06-09T12:54:43Z">
          <params>
            <param index="0">
              <value>
                <![CDATA[LG_001]]>
              </value>
            </param>
            <param index="1">
              <value>
                <![CDATA[Login]]>
              </value>
            </param>
            <param index="2">
              <value>
                <![CDATA[To validate Login Page]]>
              </value>
            </param>
            <param index="3">
              <value>
                <![CDATA[Application should show login page]]>
              </value>
            </param>
            <param index="4">
              <value>
                <![CDATA[1. Click Sign in link
2. Enter Usename
3. Enter Password
4. Click Signin btn]]>
              </value>
            </param>
            <param index="5">
              <value>
                <![CDATA[vasiinso@gmail.com#Admin@123]]>
              </value>
            </param>
            <param index="6">
              <value>
                <![CDATA[]]>
              </value>
            </param>
            <param index="7">
              <value>
                <![CDATA[vasanth s]]>
              </value>
            </param>
            <param index="8">
              <value>
                <![CDATA[Yes]]>
              </value>
            </param>
          </params>
          <exception class="java.lang.AssertionError">
            <message>
              <![CDATA[expected [vasanth shanmugam] but found [vasanth s]]]>
            </message>
            <full-stacktrace>
              <![CDATA[java.lang.AssertionError: expected [vasanth shanmugam] but found [vasanth s]
	at org.testng.Assert.fail(Assert.java:94)
	at org.testng.Assert.failNotEquals(Assert.java:513)
	at org.testng.Assert.assertEqualsImpl(Assert.java:135)
	at org.testng.Assert.assertEquals(Assert.java:116)
	at org.testng.Assert.assertEquals(Assert.java:190)
	at org.testng.Assert.assertEquals(Assert.java:200)
	at com.ecom.amazon.login.LoginTest.testlogin(LoginTest.java:51)
	at sun.reflect.NativeMethodAccessorImpl.invoke0(Native Method)
	at sun.reflect.NativeMethodAccessorImpl.invoke(NativeMethodAccessorImpl.java:62)
	at sun.reflect.DelegatingMethodAccessorImpl.invoke(DelegatingMethodAccessorImpl.java:43)
	at java.lang.reflect.Method.invoke(Method.java:498)
	at org.testng.internal.MethodInvocationHelper.invokeMethod(MethodInvocationHelper.java:104)
	at org.testng.internal.Invoker.invokeMethod(Invoker.java:645)
	at org.testng.internal.Invoker.invokeTestMethod(Invoker.java:851)
	at org.testng.internal.Invoker.invokeTestMethods(Invoker.java:1177)
	at org.testng.internal.TestMethodWorker.invokeTestMethods(TestMethodWorker.java:129)
	at org.testng.internal.TestMethodWorker.run(TestMethodWorker.java:112)
	at org.testng.TestRunner.privateRun(TestRunner.java:756)
	at org.testng.TestRunner.run(TestRunner.java:610)
	at org.testng.SuiteRunner.runTest(SuiteRunner.java:387)
	at org.testng.SuiteRunner.runSequentially(SuiteRunner.java:382)
	at org.testng.SuiteRunner.privateRun(SuiteRunner.java:340)
	at org.testng.SuiteRunner.run(SuiteRunner.java:289)
	at org.testng.SuiteRunnerWorker.runSuite(SuiteRunnerWorker.java:52)
	at org.testng.SuiteRunnerWorker.run(SuiteRunnerWorker.java:86)
	at org.testng.TestNG.runSuitesSequentially(TestNG.java:1293)
	at org.testng.TestNG.runSuitesLocally(TestNG.java:1218)
	at org.testng.TestNG.runSuites(TestNG.java:1133)
	at org.testng.TestNG.run(TestNG.java:1104)
	at org.testng.remote.AbstractRemoteTestNG.run(AbstractRemoteTestNG.java:114)
	at org.testng.remote.RemoteTestNG.initAndRun(RemoteTestNG.java:251)
	at org.testng.remote.RemoteTestNG.main(RemoteTestNG.java:77)
]]>
            </full-stacktrace>
          </exception> <!-- java.lang.AssertionError -->
          <reporter-output>
          </reporter-output>
        </test-method> <!-- testlogin -->
        <test-method status="PASS" signature="posttest()[pri:0, instance:com.ecom.amazon.login.LoginTest@5f341870]" name="posttest" is-config="true" duration-ms="588" started-at="2018-06-09T12:54:43Z" finished-at="2018-06-09T12:54:44Z">
          <reporter-output>
          </reporter-output>
        </test-method> <!-- posttest -->
      </class> <!-- com.ecom.amazon.login.LoginTest -->
    </test> <!-- Default test -->
  </suite> <!-- Default suite -->
</testng-results>
